<?xml version="1.0" encoding="UTF-8"?>
<!-- Generated by org.testng.reporters.JUnitReportReporter -->
<testsuite hostname="INHYNJRAYALA02" failures="0" tests="1" name="one.SeleniumTestDemo2" time="11.493" errors="0" timestamp="2024-07-24T19:39:43 IST" skipped="0">
  <testcase classname="one.SeleniumTestDemo2" name="mainTest" time="11.493"/>
</testsuite> <!-- one.SeleniumTestDemo2 -->
