<?xml version="1.0" encoding="UTF-8"?>
<!-- Generated by org.testng.reporters.JUnitReportReporter -->
<testsuite hostname="INHYNJRAYALA02" failures="0" tests="1" name="one.SeleniumTestDemo" time="53.677" errors="0" timestamp="2024-06-21T15:20:11 IST" skipped="0">
  <testcase classname="one.SeleniumTestDemo" name="mainTest" time="53.677"/>
</testsuite> <!-- one.SeleniumTestDemo -->
